<?xml version="1.0" encoding="UTF-8"?>
<testng-results ignored="0" total="3" passed="3" failed="0" skipped="0">
  <reporter-output>
    <line>
      <![CDATA[Hello Python]]>
    </line>
    <line>
      <![CDATA[Hello Selenium]]>
    </line>
    <line>
      <![CDATA[Hello Java]]>
    </line>
  </reporter-output>
  <suite started-at="2021-10-22T09:27:32 IST" name="Suite" finished-at="2021-10-22T09:27:32 IST" duration-ms="150">
    <groups>
    </groups>
    <test started-at="2021-10-22T09:27:32 IST" name="Test" finished-at="2021-10-22T09:27:32 IST" duration-ms="150">
      <class name="scripts.Test1">
        <test-method signature="tc1()[pri:0, instance:scripts.Test1@17a7f733]" started-at="2021-10-22T09:27:32 IST" name="tc1" finished-at="2021-10-22T09:27:32 IST" duration-ms="7" status="PASS">
          <reporter-output>
            <line>
              <![CDATA[Hello Java]]>
            </line>
          </reporter-output>
        </test-method> <!-- tc1 -->
      </class> <!-- scripts.Test1 -->
      <class name="scripts.Test3">
        <test-method signature="tc3()[pri:0, instance:scripts.Test3@5609159b]" started-at="2021-10-22T09:27:32 IST" name="tc3" finished-at="2021-10-22T09:27:32 IST" duration-ms="38" status="PASS">
          <reporter-output>
            <line>
              <![CDATA[Hello Python]]>
            </line>
          </reporter-output>
        </test-method> <!-- tc3 -->
      </class> <!-- scripts.Test3 -->
      <class name="scripts.Test2">
        <test-method signature="tc2()[pri:0, instance:scripts.Test2@2118cddf]" started-at="2021-10-22T09:27:32 IST" name="tc2" finished-at="2021-10-22T09:27:32 IST" duration-ms="2" status="PASS">
          <reporter-output>
            <line>
              <![CDATA[Hello Selenium]]>
            </line>
          </reporter-output>
        </test-method> <!-- tc2 -->
      </class> <!-- scripts.Test2 -->
    </test> <!-- Test -->
  </suite> <!-- Suite -->
</testng-results>
